        -:    0:Source:randomtestcard2.c
        -:    0:Graph:randomtestcard2.gcno
        -:    0:Data:randomtestcard2.gcda
        -:    0:Runs:1
        -:    0:Programs:1
        -:    1:#include "dominion.h"
        -:    2:#include "dominion_helpers.h"
        -:    3:#include "rngs.h"
        -:    4:#include <string.h>
        -:    5:#include <stdio.h>
        -:    6:#include <math.h>
        -:    7:#include <stdlib.h>
        -:    8:#include <assert.h>
        -:    9:#include <time.h>
        -:   10:
        -:   11:// code has been modified to fit my needs from gitHub user rogersza. It can be found at https://github.com/CS362-Winter-2016/cs362w16_rogersza/blob/master/dominion/randomtestcard.c
        -:   12:
        -:   13:// Council room card test
        -:   14:
        -:   15:#define NUM_TESTS 32
        -:   16:
        1:   17:int main() {
        1:   18:	struct gameState *g = NULL;
        1:   19:	int k[10] = {adventurer, gardens, minion, village, embargo, mine, cutpurse, baron, tribute, smithy};
        -:   20:	int i;
        1:   21:	int a = 0;
        1:   22:	int b = 0;
        -:   23:	
        1:   24:	for(i = 0; i < NUM_TESTS; i++){
        1:   25:		int num_players = rand() % 4;
        1:   26:		int rand_seed = rand();
        1:   27:		int player = 0;
        -:   28:		
        1:   29:		g = malloc(sizeof(struct gameState));
        1:   30:		int status = initializeGame(num_players, k, rand_seed, g);
        -:   31:		
        1:   32:		g->deckCount[player] = rand() % MAX_DECK;
        1:   33:		g->discardCount[player] = rand() % MAX_DECK;
        1:   34:		g->handCount[player] = rand() % MAX_HAND;
        -:   35:		
        1:   36:		int pre_count = g->handCount[player];
        1:   37:		cardEffect(council_room, 1, 1, 1, g, 0, 0);
        -:   38:		
        1:   39:		int post_count = g->handCount[player];
        -:   40:		
        1:   41:		if((pre_count + 4) == post_count) a++;
        1:   42:		else b++;
        -:   43:		
        1:   44:		printf("Test %d/%d complete\n", i + 1, NUM_TESTS);
        1:   45:		free(g);
        -:   46:		
        1:   47:		return 0;
        -:   48:	}
        -:   49:	
    #####:   50:	return 0;
        -:   51:}
