        -:    0:Source:unittest2.c
        -:    0:Graph:unittest2.gcno
        -:    0:Data:unittest2.gcda
        -:    0:Runs:1
        -:    0:Programs:1
        -:    1:#include "dominion.h"
        -:    2:#include "dominion_helpers.h"
        -:    3:#include "rngs.h"
        -:    4:#include <string.h>
        -:    5:#include <stdio.h>
        -:    6:#include <math.h>
        -:    7:#include <stdlib.h>
        -:    8:#include <assert.h>
        -:    9:
        -:   10:// unit test is from gitHub user maysw and can be found at https://github.com/maysw/CS-362/blob/Assignment-2/dominion/unittest3.c
        -:   11:
        1:   12:int main(int argc, char** argv) {
        -:   13:	
        -:   14:	struct gameState state;
        -:   15:	
        1:   16:	int k[10] = {adventurer, gardens, minion, village, embargo, mine, cutpurse, baron, tribute, smithy};
        -:   17:
        1:   18:	int a = initializeGame(2, k, 3, &state);
        -:   19:	
        1:   20:	printf ("\n Starting Test \n");
        -:   21:	
        1:   22:	int j = isGameOver(&state);
        1:   23:	assert(j == 0);
        -:   24:	
        1:   25:	printf ("\n Passed \n");
        -:   26:	
        1:   27:	printf ("\n Ending Test \n");
        -:   28:
        1:   29:	assert(a == 0);
        -:   30:
        1:   31:	return 0;
        -:   32:}
